<?xml version="1.0" encoding="UTF-8"?>
<testng-results ignored="0" total="2" passed="2" failed="0" skipped="0">
  <reporter-output>
    <line>
      <![CDATA[Setting browser as chrome]]>
    </line>
    <line>
      <![CDATA[actualResult is 47]]>
    </line>
    <line>
      <![CDATA[Closing Browser]]>
    </line>
    <line>
      <![CDATA[Setting browser as chrome]]>
    </line>
    <line>
      <![CDATA[Pincode error message is matching]]>
    </line>
    <line>
      <![CDATA[Mobile no. error message is matching]]>
    </line>
    <line>
      <![CDATA[Closing Browser]]>
    </line>
  </reporter-output>
  <suite started-at="2025-11-07T15:14:39 IST" name="Default suite" finished-at="2025-11-07T15:15:54 IST" duration-ms="74890">
    <groups>
      <group name="cucumber">
        <method signature="AbstractTestNGCucumberTests.runScenario(io.cucumber.testng.PickleWrapper,io.cucumber.testng.FeatureWrapper)[pri:0, instance:runner.HealthInsuranceRunner@58a9760d]" name="runScenario" class="io.cucumber.testng.AbstractTestNGCucumberTests"/>
      </group> <!-- cucumber -->
    </groups>
    <test started-at="2025-11-07T15:14:39 IST" name="Default test" finished-at="2025-11-07T15:15:54 IST" duration-ms="74890">
      <class name="runner.HealthInsuranceRunner">
        <test-method is-config="true" signature="setUpClass(org.testng.ITestContext)[pri:0, instance:runner.HealthInsuranceRunner@58a9760d]" started-at="2025-11-07T15:14:39 IST" name="setUpClass" finished-at="2025-11-07T15:14:40 IST" duration-ms="1228" status="PASS">
          <params>
            <param index="0">
              <value>
                <![CDATA[org.testng.TestRunner@3166f664]]>
              </value>
            </param>
          </params>
          <reporter-output>
          </reporter-output>
        </test-method> <!-- setUpClass -->
        <test-method signature="runScenario(io.cucumber.testng.PickleWrapper,io.cucumber.testng.FeatureWrapper)[pri:0, instance:runner.HealthInsuranceRunner@58a9760d]" started-at="2025-11-07T15:14:40 IST" name="runScenario" description="Runs Cucumber Scenarios" data-provider="scenarios" finished-at="2025-11-07T15:15:20 IST" duration-ms="39900" status="PASS">
          <params>
            <param index="0">
              <value>
                <![CDATA["TC01 Validate Coverfox Health Insurance for single person with parameters"]]>
              </value>
            </param>
            <param index="1">
              <value>
                <![CDATA["Coverfox Health Insurance Test"]]>
              </value>
            </param>
          </params>
          <reporter-output>
            <line>
              <![CDATA[Setting browser as chrome]]>
            </line>
            <line>
              <![CDATA[actualResult is 47]]>
            </line>
            <line>
              <![CDATA[Closing Browser]]>
            </line>
          </reporter-output>
        </test-method> <!-- runScenario -->
        <test-method signature="runScenario(io.cucumber.testng.PickleWrapper,io.cucumber.testng.FeatureWrapper)[pri:0, instance:runner.HealthInsuranceRunner@58a9760d]" started-at="2025-11-07T15:15:20 IST" name="runScenario" description="Runs Cucumber Scenarios" data-provider="scenarios" finished-at="2025-11-07T15:15:51 IST" duration-ms="31395" status="PASS">
          <params>
            <param index="0">
              <value>
                <![CDATA["TC02 validate coverfox address details page error messges"]]>
              </value>
            </param>
            <param index="1">
              <value>
                <![CDATA["Coverfox Health Insurance Test"]]>
              </value>
            </param>
          </params>
          <reporter-output>
            <line>
              <![CDATA[Setting browser as chrome]]>
            </line>
            <line>
              <![CDATA[Pincode error message is matching]]>
            </line>
            <line>
              <![CDATA[Mobile no. error message is matching]]>
            </line>
            <line>
              <![CDATA[Closing Browser]]>
            </line>
          </reporter-output>
        </test-method> <!-- runScenario -->
        <test-method is-config="true" signature="tearDownClass()[pri:0, instance:runner.HealthInsuranceRunner@58a9760d]" started-at="2025-11-07T15:15:51 IST" name="tearDownClass" finished-at="2025-11-07T15:15:54 IST" duration-ms="2260" status="PASS">
          <reporter-output>
          </reporter-output>
        </test-method> <!-- tearDownClass -->
      </class> <!-- runner.HealthInsuranceRunner -->
    </test> <!-- Default test -->
  </suite> <!-- Default suite -->
</testng-results>
