<?xml version="1.0" encoding="UTF-8"?>
<!-- Generated by org.testng.reporters.JUnitReportReporter -->
<testsuite hostname="DESKTOP-4HSAF76" failures="0" tests="2" name="runner.HealthInsuranceRunner" time="71.295" errors="0" timestamp="2025-11-07T15:15:54 IST" skipped="0">
  <testcase classname="runner.HealthInsuranceRunner" name="runScenario" time="39.900">
    <system-out>
      <![CDATA[Setting browser as chrome
actualResult is 47
Closing Browser]]>
    </system-out>
  </testcase> <!-- runScenario -->
  <testcase classname="runner.HealthInsuranceRunner" name="runScenario" time="31.395">
    <system-out>
      <![CDATA[Setting browser as chrome
Pincode error message is matching
Mobile no. error message is matching
Closing Browser]]>
    </system-out>
  </testcase> <!-- runScenario -->
  <system-out>
    <![CDATA[Setting browser as chrome
actualResult is 47
Closing Browser
Setting browser as chrome
Pincode error message is matching
Mobile no. error message is matching
Closing Browser]]>
  </system-out>
</testsuite> <!-- runner.HealthInsuranceRunner -->
