<?xml version="1.0" encoding="UTF-8"?>
<testng-results ignored="0" total="3" passed="3" failed="0" skipped="0">
  <reporter-output>
    <line>
      <![CDATA[Setting browser as chrome]]>
    </line>
    <line>
      <![CDATA[actualResult is 48]]>
    </line>
    <line>
      <![CDATA[Closing Browser]]>
    </line>
    <line>
      <![CDATA[Setting browser as chrome]]>
    </line>
    <line>
      <![CDATA[Pincode error message is matching]]>
    </line>
    <line>
      <![CDATA[Mobile no. error message is matching]]>
    </line>
    <line>
      <![CDATA[Closing Browser]]>
    </line>
    <line>
      <![CDATA[Setting browser as chrome]]>
    </line>
    <line>
      <![CDATA[Closing Browser]]>
    </line>
  </reporter-output>
  <suite started-at="2025-11-13T15:04:51 IST" name="Suite" finished-at="2025-11-13T15:06:07 IST" duration-ms="76066">
    <groups>
      <group name="cucumber">
        <method signature="AbstractTestNGCucumberTests.runScenario(io.cucumber.testng.PickleWrapper,io.cucumber.testng.FeatureWrapper)[pri:0, instance:runner.HealthInsuranceRunner@a1153bc]" name="runScenario" class="io.cucumber.testng.AbstractTestNGCucumberTests"/>
      </group> <!-- cucumber -->
    </groups>
    <test started-at="2025-11-13T15:04:51 IST" name="Test" finished-at="2025-11-13T15:06:07 IST" duration-ms="76066">
      <class name="runner.HealthInsuranceRunner">
        <test-method is-config="true" signature="setUpClass(org.testng.ITestContext)[pri:0, instance:runner.HealthInsuranceRunner@a1153bc]" started-at="2025-11-13T15:04:51 IST" name="setUpClass" finished-at="2025-11-13T15:04:52 IST" duration-ms="869" status="PASS">
          <params>
            <param index="0">
              <value>
                <![CDATA[org.testng.TestRunner@53ed80d3]]>
              </value>
            </param>
          </params>
          <reporter-output>
          </reporter-output>
        </test-method> <!-- setUpClass -->
        <test-method signature="runScenario(io.cucumber.testng.PickleWrapper,io.cucumber.testng.FeatureWrapper)[pri:0, instance:runner.HealthInsuranceRunner@a1153bc]" started-at="2025-11-13T15:04:52 IST" name="runScenario" description="Runs Cucumber Scenarios" data-provider="scenarios" finished-at="2025-11-13T15:05:24 IST" duration-ms="32367" status="PASS">
          <params>
            <param index="0">
              <value>
                <![CDATA["TC01 Validate Coverfox Health Insurance for single person with parameters"]]>
              </value>
            </param>
            <param index="1">
              <value>
                <![CDATA["Coverfox Health Insurance Test"]]>
              </value>
            </param>
          </params>
          <reporter-output>
            <line>
              <![CDATA[Setting browser as chrome]]>
            </line>
            <line>
              <![CDATA[actualResult is 48]]>
            </line>
            <line>
              <![CDATA[Closing Browser]]>
            </line>
          </reporter-output>
        </test-method> <!-- runScenario -->
        <test-method signature="runScenario(io.cucumber.testng.PickleWrapper,io.cucumber.testng.FeatureWrapper)[pri:0, instance:runner.HealthInsuranceRunner@a1153bc]" started-at="2025-11-13T15:05:24 IST" name="runScenario" description="Runs Cucumber Scenarios" data-provider="scenarios" finished-at="2025-11-13T15:05:53 IST" duration-ms="28472" status="PASS">
          <params>
            <param index="0">
              <value>
                <![CDATA["TC02 validate coverfox address details page error messges"]]>
              </value>
            </param>
            <param index="1">
              <value>
                <![CDATA["Coverfox Health Insurance Test"]]>
              </value>
            </param>
          </params>
          <reporter-output>
            <line>
              <![CDATA[Setting browser as chrome]]>
            </line>
            <line>
              <![CDATA[Pincode error message is matching]]>
            </line>
            <line>
              <![CDATA[Mobile no. error message is matching]]>
            </line>
            <line>
              <![CDATA[Closing Browser]]>
            </line>
          </reporter-output>
        </test-method> <!-- runScenario -->
        <test-method signature="runScenario(io.cucumber.testng.PickleWrapper,io.cucumber.testng.FeatureWrapper)[pri:0, instance:runner.HealthInsuranceRunner@a1153bc]" started-at="2025-11-13T15:05:53 IST" name="runScenario" description="Runs Cucumber Scenarios" data-provider="scenarios" finished-at="2025-11-13T15:06:05 IST" duration-ms="12194" status="PASS">
          <params>
            <param index="0">
              <value>
                <![CDATA["TC_03 Validate MemberPage"]]>
              </value>
            </param>
            <param index="1">
              <value>
                <![CDATA["Coverfox Health Insurance Test"]]>
              </value>
            </param>
          </params>
          <reporter-output>
            <line>
              <![CDATA[Setting browser as chrome]]>
            </line>
            <line>
              <![CDATA[Closing Browser]]>
            </line>
          </reporter-output>
        </test-method> <!-- runScenario -->
        <test-method is-config="true" signature="tearDownClass()[pri:0, instance:runner.HealthInsuranceRunner@a1153bc]" started-at="2025-11-13T15:06:05 IST" name="tearDownClass" finished-at="2025-11-13T15:06:07 IST" duration-ms="2101" status="PASS">
          <reporter-output>
          </reporter-output>
        </test-method> <!-- tearDownClass -->
      </class> <!-- runner.HealthInsuranceRunner -->
    </test> <!-- Test -->
  </suite> <!-- Suite -->
</testng-results>
