<?xml version="1.0" encoding="UTF-8"?>
<!-- Generated by org.testng.reporters.JUnitReportReporter -->
<testsuite hostname="LAPTOP-VOP6HP2M" failures="0" tests="3" name="runner.HealthInsuranceRunner" time="73.033" errors="0" timestamp="2025-11-13T15:06:07 IST" skipped="0">
  <testcase classname="runner.HealthInsuranceRunner" name="runScenario" time="32.367">
    <system-out>
      <![CDATA[Setting browser as chrome
actualResult is 48
Closing Browser]]>
    </system-out>
  </testcase> <!-- runScenario -->
  <testcase classname="runner.HealthInsuranceRunner" name="runScenario" time="28.472">
    <system-out>
      <![CDATA[Setting browser as chrome
Pincode error message is matching
Mobile no. error message is matching
Closing Browser]]>
    </system-out>
  </testcase> <!-- runScenario -->
  <testcase classname="runner.HealthInsuranceRunner" name="runScenario" time="12.194">
    <system-out>
      <![CDATA[Setting browser as chrome
Closing Browser]]>
    </system-out>
  </testcase> <!-- runScenario -->
  <system-out>
    <![CDATA[Setting browser as chrome
actualResult is 48
Closing Browser
Setting browser as chrome
Pincode error message is matching
Mobile no. error message is matching
Closing Browser
Setting browser as chrome
Closing Browser]]>
  </system-out>
</testsuite> <!-- runner.HealthInsuranceRunner -->
